<?xml version="1.0" encoding="UTF-8"?>
<robot generator="Robot 4.1.3 (Python 3.10.2 on win32)" generated="20220210 10:15:45.930" rpa="false" schemaversion="2">
<suite id="s1" name="Demo2 suite" source="C:\Users\Deepika M\ROBOTFRAMEWORK\Robot_suite\Demo2_suite.robot">
<test id="s1-t1" name="TC1">
<kw name="Log To Console" library="BuiltIn">
<arg>${EXECDIR}</arg>
<doc>Logs the given message to the console.</doc>
<status status="PASS" starttime="20220210 10:15:45.983" endtime="20220210 10:15:45.983"/>
</kw>
<kw name="Log To Console" library="BuiltIn">
<arg>C:\\Users\\Deepika M\\ROBOTFRAMEWORK\\Robot_suite</arg>
<doc>Logs the given message to the console.</doc>
<status status="PASS" starttime="20220210 10:15:45.984" endtime="20220210 10:15:45.984"/>
</kw>
<kw name="Log To Console" library="BuiltIn">
<arg>${OUTPUT_DIR}</arg>
<doc>Logs the given message to the console.</doc>
<status status="PASS" starttime="20220210 10:15:45.985" endtime="20220210 10:15:45.985"/>
</kw>
<kw name="Log To Console" library="BuiltIn">
<arg>${EXECDIR}${/}driver${/}chromedriver.exe</arg>
<doc>Logs the given message to the console.</doc>
<status status="PASS" starttime="20220210 10:15:45.986" endtime="20220210 10:15:45.986"/>
</kw>
<kw name="Log To Console" library="BuiltIn">
<arg>${SUITE_NAME}</arg>
<doc>Logs the given message to the console.</doc>
<status status="PASS" starttime="20220210 10:15:45.987" endtime="20220210 10:15:45.988"/>
</kw>
<kw name="Log To Console" library="BuiltIn">
<arg>${TEST_NAME}</arg>
<doc>Logs the given message to the console.</doc>
<status status="PASS" starttime="20220210 10:15:45.989" endtime="20220210 10:15:45.990"/>
</kw>
<kw name="Log To Console" library="BuiltIn">
<arg>${TEMPDIR}</arg>
<doc>Logs the given message to the console.</doc>
<status status="PASS" starttime="20220210 10:15:45.990" endtime="20220210 10:15:45.991"/>
</kw>
<kw name="Log To Console" library="BuiltIn">
<arg>${MY_NAME}</arg>
<doc>Logs the given message to the console.</doc>
<status status="PASS" starttime="20220210 10:15:45.991" endtime="20220210 10:15:45.993"/>
</kw>
<kw name="Log To Console" library="BuiltIn">
<arg>${COLORS}</arg>
<doc>Logs the given message to the console.</doc>
<status status="PASS" starttime="20220210 10:15:45.993" endtime="20220210 10:15:45.994"/>
</kw>
<kw name="Log To Console" library="BuiltIn">
<arg>${COLORS}[0]</arg>
<doc>Logs the given message to the console.</doc>
<status status="PASS" starttime="20220210 10:15:45.995" endtime="20220210 10:15:45.996"/>
</kw>
<status status="PASS" starttime="20220210 10:15:45.982" endtime="20220210 10:15:45.996"/>
</test>
<test id="s1-t2" name="TC2">
<for flavor="IN">
<var>${robot}</var>
<value>${COLORS}</value>
<iter>
<var name="${robot}">['red', 'green', 'yellow']</var>
<kw name="Log To Console" library="BuiltIn">
<arg>${robot}</arg>
<doc>Logs the given message to the console.</doc>
<status status="PASS" starttime="20220210 10:15:45.999" endtime="20220210 10:15:46.000"/>
</kw>
<status status="PASS" starttime="20220210 10:15:45.999" endtime="20220210 10:15:46.000"/>
</iter>
<status status="PASS" starttime="20220210 10:15:45.999" endtime="20220210 10:15:46.000"/>
</for>
<status status="PASS" starttime="20220210 10:15:45.998" endtime="20220210 10:15:46.000"/>
</test>
<test id="s1-t3" name="TC3">
<kw name="Get Length" library="BuiltIn">
<var>${count}</var>
<arg>${Colors}</arg>
<doc>Returns and logs the length of the given item as an integer.</doc>
<msg timestamp="20220210 10:15:46.003" level="INFO">Length is 3</msg>
<msg timestamp="20220210 10:15:46.003" level="INFO">${count} = 3</msg>
<status status="PASS" starttime="20220210 10:15:46.003" endtime="20220210 10:15:46.003"/>
</kw>
<kw name="Log To Console" library="BuiltIn">
<arg>${count}</arg>
<doc>Logs the given message to the console.</doc>
<status status="PASS" starttime="20220210 10:15:46.003" endtime="20220210 10:15:46.004"/>
</kw>
<for flavor="IN">
<var>${i}</var>
<value>0</value>
<value>1</value>
<value>2</value>
<iter>
<var name="${i}">0</var>
<kw name="Log To Console" library="BuiltIn">
<arg>${Colors}[${i}]</arg>
<doc>Logs the given message to the console.</doc>
<status status="PASS" starttime="20220210 10:15:46.005" endtime="20220210 10:15:46.006"/>
</kw>
<status status="PASS" starttime="20220210 10:15:46.005" endtime="20220210 10:15:46.006"/>
</iter>
<iter>
<var name="${i}">1</var>
<kw name="Log To Console" library="BuiltIn">
<arg>${Colors}[${i}]</arg>
<doc>Logs the given message to the console.</doc>
<status status="PASS" starttime="20220210 10:15:46.006" endtime="20220210 10:15:46.007"/>
</kw>
<status status="PASS" starttime="20220210 10:15:46.006" endtime="20220210 10:15:46.007"/>
</iter>
<iter>
<var name="${i}">2</var>
<kw name="Log To Console" library="BuiltIn">
<arg>${Colors}[${i}]</arg>
<doc>Logs the given message to the console.</doc>
<status status="PASS" starttime="20220210 10:15:46.007" endtime="20220210 10:15:46.008"/>
</kw>
<status status="PASS" starttime="20220210 10:15:46.007" endtime="20220210 10:15:46.008"/>
</iter>
<status status="PASS" starttime="20220210 10:15:46.005" endtime="20220210 10:15:46.008"/>
</for>
<status status="PASS" starttime="20220210 10:15:46.002" endtime="20220210 10:15:46.008"/>
</test>
<status status="PASS" starttime="20220210 10:15:45.934" endtime="20220210 10:15:46.010"/>
</suite>
<statistics>
<total>
<stat pass="3" fail="0" skip="0">All Tests</stat>
</total>
<tag>
</tag>
<suite>
<stat pass="3" fail="0" skip="0" id="s1" name="Demo2 suite">Demo2 suite</stat>
</suite>
</statistics>
<errors>
</errors>
</robot>
