<?xml version="1.0" encoding="UTF-8"?>
<robot generator="Robot 4.1.3 (Python 3.10.2 on win32)" generated="20220210 11:11:43.197" rpa="false" schemaversion="2">
<suite id="s1" name="Demo2 suite" source="C:\Users\Deepika M\ROBOTFRAMEWORK\Robot_suite\Demo2_suite.robot">
<test id="s1-t1" name="TC1">
<kw name="Log To Console" library="BuiltIn">
<arg>${EXECDIR}</arg>
<doc>Logs the given message to the console.</doc>
<status status="PASS" starttime="20220210 11:11:43.280" endtime="20220210 11:11:43.281"/>
</kw>
<kw name="Log To Console" library="BuiltIn">
<arg>C:\\Users\\Deepika M\\ROBOTFRAMEWORK\\Robot_suite</arg>
<doc>Logs the given message to the console.</doc>
<status status="PASS" starttime="20220210 11:11:43.281" endtime="20220210 11:11:43.282"/>
</kw>
<kw name="Log To Console" library="BuiltIn">
<arg>${OUTPUT_DIR}</arg>
<doc>Logs the given message to the console.</doc>
<status status="PASS" starttime="20220210 11:11:43.282" endtime="20220210 11:11:43.283"/>
</kw>
<kw name="Log To Console" library="BuiltIn">
<arg>${EXECDIR}${/}driver${/}chromedriver.exe</arg>
<doc>Logs the given message to the console.</doc>
<status status="PASS" starttime="20220210 11:11:43.283" endtime="20220210 11:11:43.284"/>
</kw>
<kw name="Log To Console" library="BuiltIn">
<arg>${SUITE_NAME}</arg>
<doc>Logs the given message to the console.</doc>
<status status="PASS" starttime="20220210 11:11:43.284" endtime="20220210 11:11:43.284"/>
</kw>
<kw name="Log To Console" library="BuiltIn">
<arg>${TEST_NAME}</arg>
<doc>Logs the given message to the console.</doc>
<status status="PASS" starttime="20220210 11:11:43.286" endtime="20220210 11:11:43.287"/>
</kw>
<kw name="Log To Console" library="BuiltIn">
<arg>${TEMPDIR}</arg>
<doc>Logs the given message to the console.</doc>
<status status="PASS" starttime="20220210 11:11:43.287" endtime="20220210 11:11:43.288"/>
</kw>
<kw name="Log To Console" library="BuiltIn">
<arg>${MY_NAME}</arg>
<doc>Logs the given message to the console.</doc>
<status status="PASS" starttime="20220210 11:11:43.290" endtime="20220210 11:11:43.291"/>
</kw>
<kw name="Log To Console" library="BuiltIn">
<arg>${COLORS}</arg>
<doc>Logs the given message to the console.</doc>
<status status="PASS" starttime="20220210 11:11:43.292" endtime="20220210 11:11:43.293"/>
</kw>
<kw name="Log To Console" library="BuiltIn">
<arg>${COLORS}[0]</arg>
<doc>Logs the given message to the console.</doc>
<status status="PASS" starttime="20220210 11:11:43.294" endtime="20220210 11:11:43.295"/>
</kw>
<status status="PASS" starttime="20220210 11:11:43.279" endtime="20220210 11:11:43.296"/>
</test>
<test id="s1-t2" name="TC2">
<for flavor="IN">
<var>${robot}</var>
<value>${COLORS}</value>
<iter>
<var name="${robot}">['red', 'green', 'yellow']</var>
<kw name="Log To Console" library="BuiltIn">
<arg>${robot}</arg>
<doc>Logs the given message to the console.</doc>
<status status="PASS" starttime="20220210 11:11:43.298" endtime="20220210 11:11:43.299"/>
</kw>
<status status="PASS" starttime="20220210 11:11:43.298" endtime="20220210 11:11:43.299"/>
</iter>
<status status="PASS" starttime="20220210 11:11:43.298" endtime="20220210 11:11:43.299"/>
</for>
<status status="PASS" starttime="20220210 11:11:43.297" endtime="20220210 11:11:43.300"/>
</test>
<test id="s1-t3" name="TC3">
<kw name="Get Length" library="BuiltIn">
<var>${count}</var>
<arg>${Colors}</arg>
<doc>Returns and logs the length of the given item as an integer.</doc>
<msg timestamp="20220210 11:11:43.302" level="INFO">Length is 3</msg>
<msg timestamp="20220210 11:11:43.302" level="INFO">${count} = 3</msg>
<status status="PASS" starttime="20220210 11:11:43.301" endtime="20220210 11:11:43.302"/>
</kw>
<kw name="Log To Console" library="BuiltIn">
<arg>${count}</arg>
<doc>Logs the given message to the console.</doc>
<status status="PASS" starttime="20220210 11:11:43.302" endtime="20220210 11:11:43.305"/>
</kw>
<for flavor="IN">
<var>${i}</var>
<value>0</value>
<value>1</value>
<value>2</value>
<iter>
<var name="${i}">0</var>
<kw name="Log To Console" library="BuiltIn">
<arg>${Colors}[${i}]</arg>
<doc>Logs the given message to the console.</doc>
<status status="PASS" starttime="20220210 11:11:43.306" endtime="20220210 11:11:43.306"/>
</kw>
<status status="PASS" starttime="20220210 11:11:43.305" endtime="20220210 11:11:43.306"/>
</iter>
<iter>
<var name="${i}">1</var>
<kw name="Log To Console" library="BuiltIn">
<arg>${Colors}[${i}]</arg>
<doc>Logs the given message to the console.</doc>
<status status="PASS" starttime="20220210 11:11:43.307" endtime="20220210 11:11:43.307"/>
</kw>
<status status="PASS" starttime="20220210 11:11:43.307" endtime="20220210 11:11:43.307"/>
</iter>
<iter>
<var name="${i}">2</var>
<kw name="Log To Console" library="BuiltIn">
<arg>${Colors}[${i}]</arg>
<doc>Logs the given message to the console.</doc>
<status status="PASS" starttime="20220210 11:11:43.309" endtime="20220210 11:11:43.310"/>
</kw>
<status status="PASS" starttime="20220210 11:11:43.307" endtime="20220210 11:11:43.310"/>
</iter>
<status status="PASS" starttime="20220210 11:11:43.305" endtime="20220210 11:11:43.310"/>
</for>
<status status="PASS" starttime="20220210 11:11:43.301" endtime="20220210 11:11:43.311"/>
</test>
<test id="s1-t4" name="TC4">
<kw name="Log To Console" library="BuiltIn">
<arg>${EMPLOYEE1}</arg>
<doc>Logs the given message to the console.</doc>
<status status="PASS" starttime="20220210 11:11:43.313" endtime="20220210 11:11:43.314"/>
</kw>
<kw name="Log To Console" library="BuiltIn">
<arg>${EMPLOYEE1}[empname]</arg>
<doc>Logs the given message to the console.</doc>
<status status="PASS" starttime="20220210 11:11:43.315" endtime="20220210 11:11:43.316"/>
</kw>
<kw name="Log To Console" library="BuiltIn">
<arg>The employee age is ${EMPLOYEE1}[age]</arg>
<doc>Logs the given message to the console.</doc>
<status status="PASS" starttime="20220210 11:11:43.316" endtime="20220210 11:11:43.317"/>
</kw>
<kw name="Log Dictionary" library="Collections">
<arg>${EMPLOYEE1}</arg>
<doc>Logs the size and contents of the ``dictionary`` using given ``level``.</doc>
<msg timestamp="20220210 11:11:43.318" level="INFO">Dictionary size is 3 and it contains following items:
age: 22
empid: 101
empname: Deepika</msg>
<status status="PASS" starttime="20220210 11:11:43.317" endtime="20220210 11:11:43.318"/>
</kw>
<status status="PASS" starttime="20220210 11:11:43.313" endtime="20220210 11:11:43.320"/>
</test>
<status status="PASS" starttime="20220210 11:11:43.201" endtime="20220210 11:11:43.323"/>
</suite>
<statistics>
<total>
<stat pass="4" fail="0" skip="0">All Tests</stat>
</total>
<tag>
</tag>
<suite>
<stat pass="4" fail="0" skip="0" id="s1" name="Demo2 suite">Demo2 suite</stat>
</suite>
</statistics>
<errors>
</errors>
</robot>
